error: undefined {"code":{"message":"Not Found","status":404},"name":"PRODUCT_NOT_FOUND"}
error: undefined {"code":{"message":"Bad Request","status":400},"name":"INVALID_PRODUCT_ID"}
error: undefined {"code":{"message":"Bad Request","status":400},"name":"INVALID_PRODUCT_ID"}
error: undefined {"code":{"message":"Bad Request","status":400},"name":"INVALID_PRODUCT_ID"}
error: [object Object]
error: [object Object]
error: [object Object]
error: [object Object]
error: [object Object]
error: [object Object]
error: [object Object]
error: [object Object]
error: [object Object]
error: [object Object]
error: [object Object]
error: [object Object]
error: [object Object]
error: [object Object]
error: [object Object]
error: [object Object]
error: [object Object]
error: [object Object]
error: [object Object]
error: [object Object]
error: [object Object]
error: [object Object]
error: [object Object]
error: [object Object]
error: [object Object]
error: [object Object]
error: [object Object]
error: [object Object]
error: [object Object]
error: [object Object]
error: [object Object]
error: {}
error: {}
error: {}
error: [object Object]
error: [object Object]
error: [object Object]
error: [object Object]
error: [object Object]
error: [object Object]
error: [object Object]
error: [object Object]
error: [object Object]
error: [object Object]
error: [object Object]
error: [object Object]
error: [object Object]
error: [object Object]
error: [object Object]
error: [object Object]
error: [object Object]
error: [object Object]
error: [object Object]
error: [object Object]
error: [object Object]
error: [object Object]
error: [object Object]
error: [object Object]
error: [object Object]
error: [object Object]
error: [object Object]
error: [object Object]
error: [object Object]
error: [object Object]
error: [object Object]
error: [object Object]
error: [object Object]
error: [object Object]
error: [object Object]
error: [object Object]
error: [object Object]
error: [object Object]
error: [object Object]
error: [object Object]
error: [object Object]
error: [object Object]
error: [object Object]
error: [object Object]
error: [object Object]
error: [object Object]
error: [object Object]
error: [object Object]
error: [object Object]
error: [object Object]
error: [object Object]
error: [object Object]
error: [object Object]
error: [object Object]
error: [object Object]
error: [object Object]
error: [object Object]
error: [object Object]
error: [object Object]
error: [object Object]
error: [object Object]
error: [object Object]
error: [object Object]
error: [object Object]
error: [object Object]
error: [object Object]
error: [object Object]
error: [object Object]
error: [object Object]
error: [object Object]
error: [object Object]
error: [object Object]
error: [object Object]
error: [object Object]
error: {"stringValue":"\"[object Promise]\"","valueType":"string","kind":"ObjectId","value":"[object Promise]","path":"_id","reason":{},"name":"CastError","message":"Cast to ObjectId failed for value \"[object Promise]\" (type string) at path \"_id\" for model \"carts\""}
error: {"stringValue":"\"[object Promise]\"","valueType":"string","kind":"ObjectId","value":"[object Promise]","path":"_id","reason":{},"name":"CastError","message":"Cast to ObjectId failed for value \"[object Promise]\" (type string) at path \"_id\" for model \"carts\""}
error: {"stringValue":"\"[object Promise]\"","valueType":"string","kind":"ObjectId","value":"[object Promise]","path":"_id","reason":{},"name":"CastError","message":"Cast to ObjectId failed for value \"[object Promise]\" (type string) at path \"_id\" for model \"carts\""}
error: {"stringValue":"\"[object Promise]\"","valueType":"string","kind":"ObjectId","value":"[object Promise]","path":"_id","reason":{},"name":"CastError","message":"Cast to ObjectId failed for value \"[object Promise]\" (type string) at path \"_id\" for model \"carts\""}
error: {}
error: {}
